
Anomlies detected from 2024-01-13T00:00 to 2024-01-19T23:00:

Humidity Anomlies:
Anomaly Detected - Day 3, Hour 14: Humidity Spike at 91.00
Anomaly Detected - Day 3, Hour 15: Humidity Spike at 91.00
Anomaly Detected - Day 3, Hour 16: Humidity Spike at 92.00
Anomaly Detected - Day 3, Hour 17: Humidity Spike at 92.00
Anomaly Detected - Day 3, Hour 18: Humidity Spike at 92.00
Anomaly Detected - Day 3, Hour 19: Humidity Spike at 92.00
Anomaly Detected - Day 3, Hour 20: Humidity Spike at 92.00
Anomaly Detected - Day 3, Hour 21: Humidity Spike at 92.00
Anomaly Detected - Day 3, Hour 22: Humidity Spike at 92.00
Anomaly Detected - Day 3, Hour 23: Humidity Spike at 91.00
Anomaly Detected - Day 3, Hour 24: Humidity Spike at 92.00
Anomaly Detected - Day 4, Hour 1: Humidity Spike at 91.00
Anomaly Detected - Day 4, Hour 15: Humidity Spike at 91.00
Anomaly Detected - Day 4, Hour 16: Humidity Spike at 91.00
Anomaly Detected - Day 6, Hour 14: Humidity Spike at 91.00
Anomaly Detected - Day 6, Hour 15: Humidity Spike at 91.00
Anomaly Detected - Day 6, Hour 16: Humidity Spike at 92.00
Anomaly Detected - Day 6, Hour 17: Humidity Spike at 92.00
Anomaly Detected - Day 6, Hour 18: Humidity Spike at 93.00
Anomaly Detected - Day 6, Hour 19: Humidity Spike at 93.00
Anomaly Detected - Day 6, Hour 20: Humidity Spike at 93.00
Anomaly Detected - Day 6, Hour 21: Humidity Spike at 94.00
Anomaly Detected - Day 6, Hour 22: Humidity Spike at 94.00
Anomaly Detected - Day 6, Hour 23: Humidity Spike at 94.00
Anomaly Detected - Day 6, Hour 24: Humidity Spike at 94.00
Anomaly Detected - Day 7, Hour 1: Humidity Spike at 94.00
Anomaly Detected - Day 7, Hour 2: Humidity Spike at 93.00
Anomaly Detected - Day 7, Hour 3: Humidity Spike at 91.00
Wind Speed Anomlies:
Precipitation Anomlies:
Anomaly Detected - Day 2, Hour 22: Precipitation Spike at 81.00

Anomlies detected from 2024-01-13T00:00 to 2024-01-19T23:00:

Humidity Anomlies:
Anomaly Detected - Day 3, Hour 14: Humidity Spike at 91.00
Anomaly Detected - Day 3, Hour 15: Humidity Spike at 91.00
Anomaly Detected - Day 3, Hour 16: Humidity Spike at 92.00
Anomaly Detected - Day 3, Hour 17: Humidity Spike at 92.00
Anomaly Detected - Day 3, Hour 18: Humidity Spike at 92.00
Anomaly Detected - Day 3, Hour 19: Humidity Spike at 92.00
Anomaly Detected - Day 3, Hour 20: Humidity Spike at 92.00
Anomaly Detected - Day 3, Hour 21: Humidity Spike at 92.00
Anomaly Detected - Day 3, Hour 22: Humidity Spike at 92.00
Anomaly Detected - Day 3, Hour 23: Humidity Spike at 91.00
Anomaly Detected - Day 3, Hour 24: Humidity Spike at 92.00
Anomaly Detected - Day 4, Hour 1: Humidity Spike at 91.00
Anomaly Detected - Day 4, Hour 15: Humidity Spike at 91.00
Anomaly Detected - Day 4, Hour 16: Humidity Spike at 91.00
Anomaly Detected - Day 6, Hour 14: Humidity Spike at 91.00
Anomaly Detected - Day 6, Hour 15: Humidity Spike at 91.00
Anomaly Detected - Day 6, Hour 16: Humidity Spike at 92.00
Anomaly Detected - Day 6, Hour 17: Humidity Spike at 92.00
Anomaly Detected - Day 6, Hour 18: Humidity Spike at 93.00
Anomaly Detected - Day 6, Hour 19: Humidity Spike at 93.00
Anomaly Detected - Day 6, Hour 20: Humidity Spike at 93.00
Anomaly Detected - Day 6, Hour 21: Humidity Spike at 94.00
Anomaly Detected - Day 6, Hour 22: Humidity Spike at 94.00
Anomaly Detected - Day 6, Hour 23: Humidity Spike at 94.00
Anomaly Detected - Day 6, Hour 24: Humidity Spike at 94.00
Anomaly Detected - Day 7, Hour 1: Humidity Spike at 94.00
Anomaly Detected - Day 7, Hour 2: Humidity Spike at 93.00
Anomaly Detected - Day 7, Hour 3: Humidity Spike at 91.00
Wind Speed Anomlies:
Precipitation Anomlies:
Anomaly Detected - Day 2, Hour 22: Precipitation Spike at 90.00

Anomlies detected from 2024-01-13T00:00 to 2024-01-19T23:00:

Humidity Anomlies:
Anomaly Detected - Day 3, Hour 14: Humidity Spike at 91.00
Anomaly Detected - Day 3, Hour 15: Humidity Spike at 91.00
Anomaly Detected - Day 3, Hour 16: Humidity Spike at 92.00
Anomaly Detected - Day 3, Hour 17: Humidity Spike at 92.00
Anomaly Detected - Day 3, Hour 18: Humidity Spike at 92.00
Anomaly Detected - Day 3, Hour 19: Humidity Spike at 92.00
Anomaly Detected - Day 3, Hour 20: Humidity Spike at 92.00
Anomaly Detected - Day 3, Hour 21: Humidity Spike at 92.00
Anomaly Detected - Day 3, Hour 22: Humidity Spike at 92.00
Anomaly Detected - Day 3, Hour 23: Humidity Spike at 91.00
Anomaly Detected - Day 3, Hour 24: Humidity Spike at 92.00
Anomaly Detected - Day 4, Hour 1: Humidity Spike at 91.00
Anomaly Detected - Day 4, Hour 15: Humidity Spike at 91.00
Anomaly Detected - Day 4, Hour 16: Humidity Spike at 91.00
Anomaly Detected - Day 6, Hour 14: Humidity Spike at 91.00
Anomaly Detected - Day 6, Hour 15: Humidity Spike at 91.00
Anomaly Detected - Day 6, Hour 16: Humidity Spike at 92.00
Anomaly Detected - Day 6, Hour 17: Humidity Spike at 92.00
Anomaly Detected - Day 6, Hour 18: Humidity Spike at 93.00
Anomaly Detected - Day 6, Hour 19: Humidity Spike at 93.00
Anomaly Detected - Day 6, Hour 20: Humidity Spike at 93.00
Anomaly Detected - Day 6, Hour 21: Humidity Spike at 94.00
Anomaly Detected - Day 6, Hour 22: Humidity Spike at 94.00
Anomaly Detected - Day 6, Hour 23: Humidity Spike at 94.00
Anomaly Detected - Day 6, Hour 24: Humidity Spike at 94.00
Anomaly Detected - Day 7, Hour 1: Humidity Spike at 94.00
Anomaly Detected - Day 7, Hour 2: Humidity Spike at 93.00
Anomaly Detected - Day 7, Hour 3: Humidity Spike at 91.00
Wind Speed Anomlies:
Precipitation Anomlies:
Anomaly Detected - Day 2, Hour 22: Precipitation Spike at 90.00

Anomlies detected from 2024-01-13T00:00 to 2024-01-19T23:00:

Humidity Anomlies:
Anomaly Detected - Day 3, Hour 14: Humidity Spike at 91.00
Anomaly Detected - Day 3, Hour 15: Humidity Spike at 91.00
Anomaly Detected - Day 3, Hour 16: Humidity Spike at 92.00
Anomaly Detected - Day 3, Hour 17: Humidity Spike at 92.00
Anomaly Detected - Day 3, Hour 18: Humidity Spike at 92.00
Anomaly Detected - Day 3, Hour 19: Humidity Spike at 92.00
Anomaly Detected - Day 3, Hour 20: Humidity Spike at 92.00
Anomaly Detected - Day 3, Hour 21: Humidity Spike at 92.00
Anomaly Detected - Day 3, Hour 22: Humidity Spike at 92.00
Anomaly Detected - Day 3, Hour 23: Humidity Spike at 91.00
Anomaly Detected - Day 3, Hour 24: Humidity Spike at 92.00
Anomaly Detected - Day 4, Hour 1: Humidity Spike at 91.00
Anomaly Detected - Day 4, Hour 15: Humidity Spike at 91.00
Anomaly Detected - Day 4, Hour 16: Humidity Spike at 91.00
Anomaly Detected - Day 6, Hour 14: Humidity Spike at 91.00
Anomaly Detected - Day 6, Hour 15: Humidity Spike at 91.00
Anomaly Detected - Day 6, Hour 16: Humidity Spike at 92.00
Anomaly Detected - Day 6, Hour 17: Humidity Spike at 92.00
Anomaly Detected - Day 6, Hour 18: Humidity Spike at 93.00
Anomaly Detected - Day 6, Hour 19: Humidity Spike at 93.00
Anomaly Detected - Day 6, Hour 20: Humidity Spike at 93.00
Anomaly Detected - Day 6, Hour 21: Humidity Spike at 94.00
Anomaly Detected - Day 6, Hour 22: Humidity Spike at 94.00
Anomaly Detected - Day 6, Hour 23: Humidity Spike at 94.00
Anomaly Detected - Day 6, Hour 24: Humidity Spike at 94.00
Anomaly Detected - Day 7, Hour 1: Humidity Spike at 94.00
Anomaly Detected - Day 7, Hour 2: Humidity Spike at 93.00
Anomaly Detected - Day 7, Hour 3: Humidity Spike at 91.00
Wind Speed Anomlies:
Precipitation Anomlies:
Anomaly Detected - Day 2, Hour 22: Precipitation Spike at 90.00

Anomlies detected from 2024-01-13T00:00 to 2024-01-19T23:00:

Humidity Anomlies:
Anomaly Detected - Day 3, Hour 14: Humidity Spike at 91.00
Anomaly Detected - Day 3, Hour 15: Humidity Spike at 91.00
Anomaly Detected - Day 3, Hour 16: Humidity Spike at 92.00
Anomaly Detected - Day 3, Hour 17: Humidity Spike at 92.00
Anomaly Detected - Day 3, Hour 18: Humidity Spike at 92.00
Anomaly Detected - Day 3, Hour 19: Humidity Spike at 92.00
Anomaly Detected - Day 3, Hour 20: Humidity Spike at 92.00
Anomaly Detected - Day 3, Hour 21: Humidity Spike at 92.00
Anomaly Detected - Day 3, Hour 22: Humidity Spike at 92.00
Anomaly Detected - Day 3, Hour 23: Humidity Spike at 91.00
Anomaly Detected - Day 3, Hour 24: Humidity Spike at 92.00
Anomaly Detected - Day 4, Hour 1: Humidity Spike at 91.00
Anomaly Detected - Day 4, Hour 15: Humidity Spike at 91.00
Anomaly Detected - Day 4, Hour 16: Humidity Spike at 91.00
Anomaly Detected - Day 6, Hour 14: Humidity Spike at 91.00
Anomaly Detected - Day 6, Hour 15: Humidity Spike at 91.00
Anomaly Detected - Day 6, Hour 16: Humidity Spike at 92.00
Anomaly Detected - Day 6, Hour 17: Humidity Spike at 92.00
Anomaly Detected - Day 6, Hour 18: Humidity Spike at 93.00
Anomaly Detected - Day 6, Hour 19: Humidity Spike at 93.00
Anomaly Detected - Day 6, Hour 20: Humidity Spike at 93.00
Anomaly Detected - Day 6, Hour 21: Humidity Spike at 94.00
Anomaly Detected - Day 6, Hour 22: Humidity Spike at 94.00
Anomaly Detected - Day 6, Hour 23: Humidity Spike at 94.00
Anomaly Detected - Day 6, Hour 24: Humidity Spike at 94.00
Anomaly Detected - Day 7, Hour 1: Humidity Spike at 94.00
Anomaly Detected - Day 7, Hour 2: Humidity Spike at 93.00
Anomaly Detected - Day 7, Hour 3: Humidity Spike at 91.00
Wind Speed Anomlies:
Precipitation Anomlies:
Anomaly Detected - Day 2, Hour 22: Precipitation Spike at 90.00

Anomlies detected from 2024-01-13T00:00 to 2024-01-19T23:00:

Temperature Anomlies:
Precipitation Anomlies:
Humidity Anomlies:
Anomaly Detected - Day 1, Hour 21: Humidity Spike at 92.00
Anomaly Detected - Day 1, Hour 22: Humidity Spike at 92.00
Anomaly Detected - Day 1, Hour 23: Humidity Spike at 91.00
Anomaly Detected - Day 3, Hour 16: Humidity Spike at 92.00
Anomaly Detected - Day 3, Hour 17: Humidity Spike at 94.00
Anomaly Detected - Day 3, Hour 18: Humidity Spike at 95.00
Anomaly Detected - Day 3, Hour 19: Humidity Spike at 97.00
Anomaly Detected - Day 3, Hour 20: Humidity Spike at 98.00
Anomaly Detected - Day 3, Hour 21: Humidity Spike at 99.00
Anomaly Detected - Day 3, Hour 22: Humidity Spike at 99.00
Anomaly Detected - Day 3, Hour 23: Humidity Spike at 98.00
Anomaly Detected - Day 3, Hour 24: Humidity Spike at 97.00
Anomaly Detected - Day 4, Hour 1: Humidity Spike at 94.00
Anomaly Detected - Day 4, Hour 2: Humidity Spike at 93.00
Anomaly Detected - Day 4, Hour 3: Humidity Spike at 93.00
Anomaly Detected - Day 4, Hour 4: Humidity Spike at 94.00
Anomaly Detected - Day 4, Hour 23: Humidity Spike at 92.00
Anomaly Detected - Day 4, Hour 24: Humidity Spike at 94.00
Anomaly Detected - Day 5, Hour 1: Humidity Spike at 96.00
Anomaly Detected - Day 5, Hour 2: Humidity Spike at 97.00
Anomaly Detected - Day 5, Hour 3: Humidity Spike at 98.00
Anomaly Detected - Day 5, Hour 4: Humidity Spike at 95.00
Anomaly Detected - Day 5, Hour 17: Humidity Spike at 93.00
Anomaly Detected - Day 5, Hour 18: Humidity Spike at 94.00
Anomaly Detected - Day 5, Hour 19: Humidity Spike at 94.00
Anomaly Detected - Day 5, Hour 20: Humidity Spike at 95.00
Anomaly Detected - Day 5, Hour 21: Humidity Spike at 97.00
Anomaly Detected - Day 5, Hour 22: Humidity Spike at 97.00
Anomaly Detected - Day 5, Hour 23: Humidity Spike at 96.00
Anomaly Detected - Day 5, Hour 24: Humidity Spike at 95.00
Anomaly Detected - Day 6, Hour 1: Humidity Spike at 92.00

Anomlies detected from 2024-01-13T00:00 to 2024-01-19T23:00:

Humidity Anomlies:
Anomaly Detected - Day 3, Hour 14: Humidity Spike at 91.00
Anomaly Detected - Day 3, Hour 15: Humidity Spike at 91.00
Anomaly Detected - Day 3, Hour 16: Humidity Spike at 92.00
Anomaly Detected - Day 3, Hour 17: Humidity Spike at 92.00
Anomaly Detected - Day 3, Hour 18: Humidity Spike at 92.00
Anomaly Detected - Day 3, Hour 19: Humidity Spike at 92.00
Anomaly Detected - Day 3, Hour 20: Humidity Spike at 92.00
Anomaly Detected - Day 3, Hour 21: Humidity Spike at 92.00
Anomaly Detected - Day 3, Hour 22: Humidity Spike at 92.00
Anomaly Detected - Day 3, Hour 23: Humidity Spike at 91.00
Anomaly Detected - Day 3, Hour 24: Humidity Spike at 92.00
Anomaly Detected - Day 4, Hour 1: Humidity Spike at 91.00
Anomaly Detected - Day 4, Hour 15: Humidity Spike at 91.00
Anomaly Detected - Day 4, Hour 16: Humidity Spike at 91.00
Anomaly Detected - Day 6, Hour 14: Humidity Spike at 91.00
Anomaly Detected - Day 6, Hour 15: Humidity Spike at 91.00
Anomaly Detected - Day 6, Hour 16: Humidity Spike at 92.00
Anomaly Detected - Day 6, Hour 17: Humidity Spike at 92.00
Anomaly Detected - Day 6, Hour 18: Humidity Spike at 93.00
Anomaly Detected - Day 6, Hour 19: Humidity Spike at 93.00
Anomaly Detected - Day 6, Hour 20: Humidity Spike at 93.00
Anomaly Detected - Day 6, Hour 21: Humidity Spike at 94.00
Anomaly Detected - Day 6, Hour 22: Humidity Spike at 94.00
Anomaly Detected - Day 6, Hour 23: Humidity Spike at 94.00
Anomaly Detected - Day 6, Hour 24: Humidity Spike at 94.00
Anomaly Detected - Day 7, Hour 1: Humidity Spike at 94.00
Anomaly Detected - Day 7, Hour 2: Humidity Spike at 93.00
Anomaly Detected - Day 7, Hour 3: Humidity Spike at 91.00
Wind Speed Anomlies:
Precipitation Anomlies:
Anomaly Detected - Day 2, Hour 22: Precipitation Spike at 90.00

Anomlies detected from 2024-01-13T00:00 to 2024-01-19T23:00:

Humidity Anomlies:
Anomaly Detected - Day 3, Hour 14: Humidity Spike at 91.00
Anomaly Detected - Day 3, Hour 15: Humidity Spike at 91.00
Anomaly Detected - Day 3, Hour 16: Humidity Spike at 92.00
Anomaly Detected - Day 3, Hour 17: Humidity Spike at 92.00
Anomaly Detected - Day 3, Hour 18: Humidity Spike at 92.00
Anomaly Detected - Day 3, Hour 19: Humidity Spike at 92.00
Anomaly Detected - Day 3, Hour 20: Humidity Spike at 92.00
Anomaly Detected - Day 3, Hour 21: Humidity Spike at 92.00
Anomaly Detected - Day 3, Hour 22: Humidity Spike at 92.00
Anomaly Detected - Day 3, Hour 23: Humidity Spike at 91.00
Anomaly Detected - Day 3, Hour 24: Humidity Spike at 92.00
Anomaly Detected - Day 4, Hour 1: Humidity Spike at 91.00
Anomaly Detected - Day 4, Hour 15: Humidity Spike at 91.00
Anomaly Detected - Day 4, Hour 16: Humidity Spike at 91.00
Anomaly Detected - Day 6, Hour 14: Humidity Spike at 91.00
Anomaly Detected - Day 6, Hour 15: Humidity Spike at 91.00
Anomaly Detected - Day 6, Hour 16: Humidity Spike at 92.00
Anomaly Detected - Day 6, Hour 17: Humidity Spike at 92.00
Anomaly Detected - Day 6, Hour 18: Humidity Spike at 93.00
Anomaly Detected - Day 6, Hour 19: Humidity Spike at 93.00
Anomaly Detected - Day 6, Hour 20: Humidity Spike at 93.00
Anomaly Detected - Day 6, Hour 21: Humidity Spike at 94.00
Anomaly Detected - Day 6, Hour 22: Humidity Spike at 94.00
Anomaly Detected - Day 6, Hour 23: Humidity Spike at 94.00
Anomaly Detected - Day 6, Hour 24: Humidity Spike at 94.00
Anomaly Detected - Day 7, Hour 1: Humidity Spike at 94.00
Anomaly Detected - Day 7, Hour 2: Humidity Spike at 93.00
Anomaly Detected - Day 7, Hour 3: Humidity Spike at 91.00
Wind Speed Anomlies:
Precipitation Anomlies:
Anomaly Detected - Day 2, Hour 22: Precipitation Spike at 90.00

Anomlies detected from 2024-01-13T00:00 to 2024-01-19T23:00:

Humidity Anomlies:
Anomaly Detected - Day 3, Hour 14: Humidity Spike at 91.00
Anomaly Detected - Day 3, Hour 15: Humidity Spike at 91.00
Anomaly Detected - Day 3, Hour 16: Humidity Spike at 92.00
Anomaly Detected - Day 3, Hour 17: Humidity Spike at 92.00
Anomaly Detected - Day 3, Hour 18: Humidity Spike at 92.00
Anomaly Detected - Day 3, Hour 19: Humidity Spike at 92.00
Anomaly Detected - Day 3, Hour 20: Humidity Spike at 92.00
Anomaly Detected - Day 3, Hour 21: Humidity Spike at 92.00
Anomaly Detected - Day 3, Hour 22: Humidity Spike at 92.00
Anomaly Detected - Day 3, Hour 23: Humidity Spike at 91.00
Anomaly Detected - Day 3, Hour 24: Humidity Spike at 92.00
Anomaly Detected - Day 4, Hour 1: Humidity Spike at 91.00
Anomaly Detected - Day 4, Hour 15: Humidity Spike at 91.00
Anomaly Detected - Day 4, Hour 16: Humidity Spike at 91.00
Anomaly Detected - Day 6, Hour 14: Humidity Spike at 91.00
Anomaly Detected - Day 6, Hour 15: Humidity Spike at 91.00
Anomaly Detected - Day 6, Hour 16: Humidity Spike at 92.00
Anomaly Detected - Day 6, Hour 17: Humidity Spike at 92.00
Anomaly Detected - Day 6, Hour 18: Humidity Spike at 93.00
Anomaly Detected - Day 6, Hour 19: Humidity Spike at 93.00
Anomaly Detected - Day 6, Hour 20: Humidity Spike at 93.00
Anomaly Detected - Day 6, Hour 21: Humidity Spike at 94.00
Anomaly Detected - Day 6, Hour 22: Humidity Spike at 94.00
Anomaly Detected - Day 6, Hour 23: Humidity Spike at 94.00
Anomaly Detected - Day 6, Hour 24: Humidity Spike at 94.00
Anomaly Detected - Day 7, Hour 1: Humidity Spike at 94.00
Anomaly Detected - Day 7, Hour 2: Humidity Spike at 93.00
Anomaly Detected - Day 7, Hour 3: Humidity Spike at 91.00
Wind Speed Anomlies:
Precipitation Anomlies:
Anomaly Detected - Day 2, Hour 22: Precipitation Spike at 90.00

Anomlies detected from 2024-01-13T00:00 to 2024-01-19T23:00:

Humidity Anomlies:
Anomaly Detected - Day 3, Hour 14: Humidity Spike at 91.00
Anomaly Detected - Day 3, Hour 15: Humidity Spike at 91.00
Anomaly Detected - Day 3, Hour 16: Humidity Spike at 92.00
Anomaly Detected - Day 3, Hour 17: Humidity Spike at 92.00
Anomaly Detected - Day 3, Hour 18: Humidity Spike at 92.00
Anomaly Detected - Day 3, Hour 19: Humidity Spike at 92.00
Anomaly Detected - Day 3, Hour 20: Humidity Spike at 92.00
Anomaly Detected - Day 3, Hour 21: Humidity Spike at 92.00
Anomaly Detected - Day 3, Hour 22: Humidity Spike at 92.00
Anomaly Detected - Day 3, Hour 23: Humidity Spike at 91.00
Anomaly Detected - Day 3, Hour 24: Humidity Spike at 92.00
Anomaly Detected - Day 4, Hour 1: Humidity Spike at 91.00
Anomaly Detected - Day 4, Hour 15: Humidity Spike at 91.00
Anomaly Detected - Day 4, Hour 16: Humidity Spike at 91.00
Anomaly Detected - Day 6, Hour 14: Humidity Spike at 91.00
Anomaly Detected - Day 6, Hour 15: Humidity Spike at 91.00
Anomaly Detected - Day 6, Hour 16: Humidity Spike at 92.00
Anomaly Detected - Day 6, Hour 17: Humidity Spike at 92.00
Anomaly Detected - Day 6, Hour 18: Humidity Spike at 93.00
Anomaly Detected - Day 6, Hour 19: Humidity Spike at 93.00
Anomaly Detected - Day 6, Hour 20: Humidity Spike at 93.00
Anomaly Detected - Day 6, Hour 21: Humidity Spike at 94.00
Anomaly Detected - Day 6, Hour 22: Humidity Spike at 94.00
Anomaly Detected - Day 6, Hour 23: Humidity Spike at 94.00
Anomaly Detected - Day 6, Hour 24: Humidity Spike at 94.00
Anomaly Detected - Day 7, Hour 1: Humidity Spike at 94.00
Anomaly Detected - Day 7, Hour 2: Humidity Spike at 93.00
Anomaly Detected - Day 7, Hour 3: Humidity Spike at 91.00
Wind Speed Anomlies:
Precipitation Anomlies:
Anomaly Detected - Day 2, Hour 22: Precipitation Spike at 90.00

Anomlies detected from 2024-01-13T00:00 to 2024-01-19T23:00:

Humidity Anomlies:
Anomaly Detected - Day 3, Hour 14: Humidity Spike at 91.00
Anomaly Detected - Day 3, Hour 15: Humidity Spike at 91.00
Anomaly Detected - Day 3, Hour 16: Humidity Spike at 92.00
Anomaly Detected - Day 3, Hour 17: Humidity Spike at 92.00
Anomaly Detected - Day 3, Hour 18: Humidity Spike at 92.00
Anomaly Detected - Day 3, Hour 19: Humidity Spike at 92.00
Anomaly Detected - Day 3, Hour 20: Humidity Spike at 92.00
Anomaly Detected - Day 3, Hour 21: Humidity Spike at 92.00
Anomaly Detected - Day 3, Hour 22: Humidity Spike at 92.00
Anomaly Detected - Day 3, Hour 23: Humidity Spike at 91.00
Anomaly Detected - Day 3, Hour 24: Humidity Spike at 92.00
Anomaly Detected - Day 4, Hour 1: Humidity Spike at 91.00
Anomaly Detected - Day 4, Hour 15: Humidity Spike at 91.00
Anomaly Detected - Day 4, Hour 16: Humidity Spike at 91.00
Anomaly Detected - Day 6, Hour 14: Humidity Spike at 91.00
Anomaly Detected - Day 6, Hour 15: Humidity Spike at 91.00
Anomaly Detected - Day 6, Hour 16: Humidity Spike at 92.00
Anomaly Detected - Day 6, Hour 17: Humidity Spike at 92.00
Anomaly Detected - Day 6, Hour 18: Humidity Spike at 93.00
Anomaly Detected - Day 6, Hour 19: Humidity Spike at 93.00
Anomaly Detected - Day 6, Hour 20: Humidity Spike at 93.00
Anomaly Detected - Day 6, Hour 21: Humidity Spike at 94.00
Anomaly Detected - Day 6, Hour 22: Humidity Spike at 94.00
Anomaly Detected - Day 6, Hour 23: Humidity Spike at 94.00
Anomaly Detected - Day 6, Hour 24: Humidity Spike at 94.00
Anomaly Detected - Day 7, Hour 1: Humidity Spike at 94.00
Anomaly Detected - Day 7, Hour 2: Humidity Spike at 93.00
Anomaly Detected - Day 7, Hour 3: Humidity Spike at 91.00
Wind Speed Anomlies:
Precipitation Anomlies:
Anomaly Detected - Day 2, Hour 22: Precipitation Spike at 90.00

Anomlies detected from 2024-01-13T00:00 to 2024-01-19T23:00:

Humidity Anomlies:
Anomaly Detected - Day 3, Hour 14: Humidity Spike at 91.00
Anomaly Detected - Day 3, Hour 15: Humidity Spike at 91.00
Anomaly Detected - Day 3, Hour 16: Humidity Spike at 92.00
Anomaly Detected - Day 3, Hour 17: Humidity Spike at 92.00
Anomaly Detected - Day 3, Hour 18: Humidity Spike at 92.00
Anomaly Detected - Day 3, Hour 19: Humidity Spike at 92.00
Anomaly Detected - Day 3, Hour 20: Humidity Spike at 92.00
Anomaly Detected - Day 3, Hour 21: Humidity Spike at 92.00
Anomaly Detected - Day 3, Hour 22: Humidity Spike at 92.00
Anomaly Detected - Day 3, Hour 23: Humidity Spike at 91.00
Anomaly Detected - Day 3, Hour 24: Humidity Spike at 92.00
Anomaly Detected - Day 4, Hour 1: Humidity Spike at 91.00
Anomaly Detected - Day 4, Hour 15: Humidity Spike at 91.00
Anomaly Detected - Day 4, Hour 16: Humidity Spike at 91.00
Anomaly Detected - Day 6, Hour 14: Humidity Spike at 91.00
Anomaly Detected - Day 6, Hour 15: Humidity Spike at 91.00
Anomaly Detected - Day 6, Hour 16: Humidity Spike at 92.00
Anomaly Detected - Day 6, Hour 17: Humidity Spike at 92.00
Anomaly Detected - Day 6, Hour 18: Humidity Spike at 93.00
Anomaly Detected - Day 6, Hour 19: Humidity Spike at 93.00
Anomaly Detected - Day 6, Hour 20: Humidity Spike at 93.00
Anomaly Detected - Day 6, Hour 21: Humidity Spike at 94.00
Anomaly Detected - Day 6, Hour 22: Humidity Spike at 94.00
Anomaly Detected - Day 6, Hour 23: Humidity Spike at 94.00
Anomaly Detected - Day 6, Hour 24: Humidity Spike at 94.00
Anomaly Detected - Day 7, Hour 1: Humidity Spike at 94.00
Anomaly Detected - Day 7, Hour 2: Humidity Spike at 93.00
Anomaly Detected - Day 7, Hour 3: Humidity Spike at 91.00
Wind Speed Anomlies:
Precipitation Anomlies:
Anomaly Detected - Day 2, Hour 22: Precipitation Spike at 90.00

Anomlies detected from 2024-01-13T00:00 to 2024-01-19T23:00:


Anomlies detected from 2024-01-13T00:00 to 2024-01-19T23:00:

Humidity Anomlies:
Anomaly Detected - Day 3, Hour 14: Humidity Spike at 91.00
Anomaly Detected - Day 3, Hour 15: Humidity Spike at 91.00
Anomaly Detected - Day 3, Hour 16: Humidity Spike at 92.00
Anomaly Detected - Day 3, Hour 17: Humidity Spike at 92.00
Anomaly Detected - Day 3, Hour 18: Humidity Spike at 92.00
Anomaly Detected - Day 3, Hour 19: Humidity Spike at 92.00
Anomaly Detected - Day 3, Hour 20: Humidity Spike at 92.00
Anomaly Detected - Day 3, Hour 21: Humidity Spike at 92.00
Anomaly Detected - Day 3, Hour 22: Humidity Spike at 92.00
Anomaly Detected - Day 3, Hour 23: Humidity Spike at 91.00
Anomaly Detected - Day 3, Hour 24: Humidity Spike at 92.00
Anomaly Detected - Day 4, Hour 1: Humidity Spike at 91.00
Anomaly Detected - Day 4, Hour 15: Humidity Spike at 91.00
Anomaly Detected - Day 4, Hour 16: Humidity Spike at 91.00
Anomaly Detected - Day 6, Hour 14: Humidity Spike at 91.00
Anomaly Detected - Day 6, Hour 15: Humidity Spike at 91.00
Anomaly Detected - Day 6, Hour 16: Humidity Spike at 92.00
Anomaly Detected - Day 6, Hour 17: Humidity Spike at 92.00
Anomaly Detected - Day 6, Hour 18: Humidity Spike at 93.00
Anomaly Detected - Day 6, Hour 19: Humidity Spike at 93.00
Anomaly Detected - Day 6, Hour 20: Humidity Spike at 93.00
Anomaly Detected - Day 6, Hour 21: Humidity Spike at 94.00
Anomaly Detected - Day 6, Hour 22: Humidity Spike at 94.00
Anomaly Detected - Day 6, Hour 23: Humidity Spike at 94.00
Anomaly Detected - Day 6, Hour 24: Humidity Spike at 94.00
Anomaly Detected - Day 7, Hour 1: Humidity Spike at 94.00
Anomaly Detected - Day 7, Hour 2: Humidity Spike at 93.00
Anomaly Detected - Day 7, Hour 3: Humidity Spike at 91.00
Wind Speed Anomlies:
Precipitation Anomlies:
Anomaly Detected - Day 2, Hour 22: Precipitation Spike at 90.00

Anomlies detected from 2024-01-13T00:00 to 2024-01-19T23:00:

Humidity Anomlies:
Anomaly Detected - Day 3, Hour 14: Humidity Spike at 91.00
Anomaly Detected - Day 3, Hour 15: Humidity Spike at 91.00
Anomaly Detected - Day 3, Hour 16: Humidity Spike at 92.00
Anomaly Detected - Day 3, Hour 17: Humidity Spike at 92.00
Anomaly Detected - Day 3, Hour 18: Humidity Spike at 92.00
Anomaly Detected - Day 3, Hour 19: Humidity Spike at 92.00
Anomaly Detected - Day 3, Hour 20: Humidity Spike at 92.00
Anomaly Detected - Day 3, Hour 21: Humidity Spike at 92.00
Anomaly Detected - Day 3, Hour 22: Humidity Spike at 92.00
Anomaly Detected - Day 3, Hour 23: Humidity Spike at 91.00
Anomaly Detected - Day 3, Hour 24: Humidity Spike at 92.00
Anomaly Detected - Day 4, Hour 1: Humidity Spike at 91.00
Anomaly Detected - Day 4, Hour 15: Humidity Spike at 91.00
Anomaly Detected - Day 4, Hour 16: Humidity Spike at 91.00
Anomaly Detected - Day 6, Hour 14: Humidity Spike at 91.00
Anomaly Detected - Day 6, Hour 15: Humidity Spike at 91.00
Anomaly Detected - Day 6, Hour 16: Humidity Spike at 92.00
Anomaly Detected - Day 6, Hour 17: Humidity Spike at 92.00
Anomaly Detected - Day 6, Hour 18: Humidity Spike at 93.00
Anomaly Detected - Day 6, Hour 19: Humidity Spike at 93.00
Anomaly Detected - Day 6, Hour 20: Humidity Spike at 93.00
Anomaly Detected - Day 6, Hour 21: Humidity Spike at 94.00
Anomaly Detected - Day 6, Hour 22: Humidity Spike at 94.00
Anomaly Detected - Day 6, Hour 23: Humidity Spike at 94.00
Anomaly Detected - Day 6, Hour 24: Humidity Spike at 94.00
Anomaly Detected - Day 7, Hour 1: Humidity Spike at 94.00
Anomaly Detected - Day 7, Hour 2: Humidity Spike at 93.00
Anomaly Detected - Day 7, Hour 3: Humidity Spike at 91.00
Wind Speed Anomlies:
Precipitation Anomlies:
Anomaly Detected - Day 2, Hour 22: Precipitation Spike at 90.00

Anomlies detected from 2024-01-13T00:00 to 2024-01-19T23:00:

Humidity Anomlies:
Anomaly Detected - Day 3, Hour 14: Humidity Spike at 91.00
Anomaly Detected - Day 3, Hour 15: Humidity Spike at 91.00
Anomaly Detected - Day 3, Hour 16: Humidity Spike at 92.00
Anomaly Detected - Day 3, Hour 17: Humidity Spike at 92.00
Anomaly Detected - Day 3, Hour 18: Humidity Spike at 92.00
Anomaly Detected - Day 3, Hour 19: Humidity Spike at 92.00
Anomaly Detected - Day 3, Hour 20: Humidity Spike at 92.00
Anomaly Detected - Day 3, Hour 21: Humidity Spike at 92.00
Anomaly Detected - Day 3, Hour 22: Humidity Spike at 92.00
Anomaly Detected - Day 3, Hour 23: Humidity Spike at 91.00
Anomaly Detected - Day 3, Hour 24: Humidity Spike at 92.00
Anomaly Detected - Day 4, Hour 1: Humidity Spike at 91.00
Anomaly Detected - Day 4, Hour 15: Humidity Spike at 91.00
Anomaly Detected - Day 4, Hour 16: Humidity Spike at 91.00
Anomaly Detected - Day 6, Hour 14: Humidity Spike at 91.00
Anomaly Detected - Day 6, Hour 15: Humidity Spike at 91.00
Anomaly Detected - Day 6, Hour 16: Humidity Spike at 92.00
Anomaly Detected - Day 6, Hour 17: Humidity Spike at 92.00
Anomaly Detected - Day 6, Hour 18: Humidity Spike at 93.00
Anomaly Detected - Day 6, Hour 19: Humidity Spike at 93.00
Anomaly Detected - Day 6, Hour 20: Humidity Spike at 93.00
Anomaly Detected - Day 6, Hour 21: Humidity Spike at 94.00
Anomaly Detected - Day 6, Hour 22: Humidity Spike at 94.00
Anomaly Detected - Day 6, Hour 23: Humidity Spike at 94.00
Anomaly Detected - Day 6, Hour 24: Humidity Spike at 94.00
Anomaly Detected - Day 7, Hour 1: Humidity Spike at 94.00
Anomaly Detected - Day 7, Hour 2: Humidity Spike at 93.00
Anomaly Detected - Day 7, Hour 3: Humidity Spike at 91.00
Wind Speed Anomlies:
Precipitation Anomlies:
Anomaly Detected - Day 2, Hour 22: Precipitation Spike at 90.00

Anomlies detected from 2024-01-13T00:00 to 2024-01-19T23:00:

Humidity Anomlies:
Anomaly Detected - Day 3, Hour 14: Humidity Spike at 91.00
Anomaly Detected - Day 3, Hour 15: Humidity Spike at 91.00
Anomaly Detected - Day 3, Hour 16: Humidity Spike at 92.00
Anomaly Detected - Day 3, Hour 17: Humidity Spike at 92.00
Anomaly Detected - Day 3, Hour 18: Humidity Spike at 92.00
Anomaly Detected - Day 3, Hour 19: Humidity Spike at 92.00
Anomaly Detected - Day 3, Hour 20: Humidity Spike at 92.00
Anomaly Detected - Day 3, Hour 21: Humidity Spike at 92.00
Anomaly Detected - Day 3, Hour 22: Humidity Spike at 92.00
Anomaly Detected - Day 3, Hour 23: Humidity Spike at 91.00
Anomaly Detected - Day 3, Hour 24: Humidity Spike at 92.00
Anomaly Detected - Day 4, Hour 1: Humidity Spike at 91.00
Anomaly Detected - Day 4, Hour 15: Humidity Spike at 91.00
Anomaly Detected - Day 4, Hour 16: Humidity Spike at 91.00
Anomaly Detected - Day 6, Hour 14: Humidity Spike at 91.00
Anomaly Detected - Day 6, Hour 15: Humidity Spike at 91.00
Anomaly Detected - Day 6, Hour 16: Humidity Spike at 92.00
Anomaly Detected - Day 6, Hour 17: Humidity Spike at 92.00
Anomaly Detected - Day 6, Hour 18: Humidity Spike at 93.00
Anomaly Detected - Day 6, Hour 19: Humidity Spike at 93.00
Anomaly Detected - Day 6, Hour 20: Humidity Spike at 93.00
Anomaly Detected - Day 6, Hour 21: Humidity Spike at 94.00
Anomaly Detected - Day 6, Hour 22: Humidity Spike at 94.00
Anomaly Detected - Day 6, Hour 23: Humidity Spike at 94.00
Anomaly Detected - Day 6, Hour 24: Humidity Spike at 94.00
Anomaly Detected - Day 7, Hour 1: Humidity Spike at 94.00
Anomaly Detected - Day 7, Hour 2: Humidity Spike at 93.00
Anomaly Detected - Day 7, Hour 3: Humidity Spike at 91.00
Wind Speed Anomlies:
Precipitation Anomlies:
Anomaly Detected - Day 2, Hour 22: Precipitation Spike at 90.00

Anomlies detected from 2024-01-13T00:00 to 2024-01-19T23:00:

Humidity Anomlies:
Anomaly Detected - Day 3, Hour 14: Humidity Spike at 91.00
Anomaly Detected - Day 3, Hour 15: Humidity Spike at 91.00
Anomaly Detected - Day 3, Hour 16: Humidity Spike at 92.00
Anomaly Detected - Day 3, Hour 17: Humidity Spike at 92.00
Anomaly Detected - Day 3, Hour 18: Humidity Spike at 92.00
Anomaly Detected - Day 3, Hour 19: Humidity Spike at 92.00
Anomaly Detected - Day 3, Hour 20: Humidity Spike at 92.00
Anomaly Detected - Day 3, Hour 21: Humidity Spike at 92.00
Anomaly Detected - Day 3, Hour 22: Humidity Spike at 92.00
Anomaly Detected - Day 3, Hour 23: Humidity Spike at 91.00
Anomaly Detected - Day 3, Hour 24: Humidity Spike at 92.00
Anomaly Detected - Day 4, Hour 1: Humidity Spike at 91.00
Anomaly Detected - Day 4, Hour 15: Humidity Spike at 91.00
Anomaly Detected - Day 4, Hour 16: Humidity Spike at 91.00
Anomaly Detected - Day 6, Hour 14: Humidity Spike at 91.00
Anomaly Detected - Day 6, Hour 15: Humidity Spike at 91.00
Anomaly Detected - Day 6, Hour 16: Humidity Spike at 92.00
Anomaly Detected - Day 6, Hour 17: Humidity Spike at 92.00
Anomaly Detected - Day 6, Hour 18: Humidity Spike at 93.00
Anomaly Detected - Day 6, Hour 19: Humidity Spike at 93.00
Anomaly Detected - Day 6, Hour 20: Humidity Spike at 93.00
Anomaly Detected - Day 6, Hour 21: Humidity Spike at 94.00
Anomaly Detected - Day 6, Hour 22: Humidity Spike at 94.00
Anomaly Detected - Day 6, Hour 23: Humidity Spike at 94.00
Anomaly Detected - Day 6, Hour 24: Humidity Spike at 94.00
Anomaly Detected - Day 7, Hour 1: Humidity Spike at 94.00
Anomaly Detected - Day 7, Hour 2: Humidity Spike at 93.00
Anomaly Detected - Day 7, Hour 3: Humidity Spike at 91.00
Wind Speed Anomlies:
Precipitation Anomlies:
Anomaly Detected - Day 2, Hour 22: Precipitation Spike at 90.00

Anomlies detected from 2024-01-13T00:00 to 2024-01-19T23:00:

Humidity Anomlies:
Anomaly Detected - Day 3, Hour 14: Humidity Spike at 91.00
Anomaly Detected - Day 3, Hour 15: Humidity Spike at 91.00
Anomaly Detected - Day 3, Hour 16: Humidity Spike at 91.00
Anomaly Detected - Day 3, Hour 17: Humidity Spike at 91.00
Anomaly Detected - Day 3, Hour 18: Humidity Spike at 92.00
Anomaly Detected - Day 3, Hour 19: Humidity Spike at 92.00
Anomaly Detected - Day 3, Hour 20: Humidity Spike at 92.00
Anomaly Detected - Day 3, Hour 21: Humidity Spike at 91.00
Anomaly Detected - Day 3, Hour 22: Humidity Spike at 91.00
Anomaly Detected - Day 3, Hour 23: Humidity Spike at 91.00
Anomaly Detected - Day 6, Hour 14: Humidity Spike at 91.00
Anomaly Detected - Day 6, Hour 15: Humidity Spike at 91.00
Anomaly Detected - Day 6, Hour 16: Humidity Spike at 92.00
Anomaly Detected - Day 6, Hour 17: Humidity Spike at 92.00
Anomaly Detected - Day 6, Hour 18: Humidity Spike at 93.00
Anomaly Detected - Day 6, Hour 19: Humidity Spike at 93.00
Anomaly Detected - Day 6, Hour 20: Humidity Spike at 93.00
Anomaly Detected - Day 6, Hour 21: Humidity Spike at 94.00
Anomaly Detected - Day 6, Hour 22: Humidity Spike at 94.00
Anomaly Detected - Day 6, Hour 23: Humidity Spike at 94.00
Anomaly Detected - Day 6, Hour 24: Humidity Spike at 94.00
Anomaly Detected - Day 7, Hour 1: Humidity Spike at 94.00
Anomaly Detected - Day 7, Hour 2: Humidity Spike at 93.00
Anomaly Detected - Day 7, Hour 3: Humidity Spike at 91.00
Wind Speed Anomlies:
Precipitation Anomlies:
Anomaly Detected - Day 2, Hour 22: Precipitation Spike at 90.00

Anomlies detected from 2024-01-13T00:00 to 2024-01-19T23:00:

Humidity Anomlies:
Anomaly Detected - Day 3, Hour 14: Humidity Spike at 91.00
Anomaly Detected - Day 3, Hour 15: Humidity Spike at 91.00
Anomaly Detected - Day 3, Hour 16: Humidity Spike at 91.00
Anomaly Detected - Day 3, Hour 17: Humidity Spike at 91.00
Anomaly Detected - Day 3, Hour 18: Humidity Spike at 92.00
Anomaly Detected - Day 3, Hour 19: Humidity Spike at 92.00
Anomaly Detected - Day 3, Hour 20: Humidity Spike at 92.00
Anomaly Detected - Day 3, Hour 21: Humidity Spike at 91.00
Anomaly Detected - Day 3, Hour 22: Humidity Spike at 91.00
Anomaly Detected - Day 3, Hour 23: Humidity Spike at 91.00
Anomaly Detected - Day 6, Hour 14: Humidity Spike at 91.00
Anomaly Detected - Day 6, Hour 15: Humidity Spike at 91.00
Anomaly Detected - Day 6, Hour 16: Humidity Spike at 92.00
Anomaly Detected - Day 6, Hour 17: Humidity Spike at 92.00
Anomaly Detected - Day 6, Hour 18: Humidity Spike at 93.00
Anomaly Detected - Day 6, Hour 19: Humidity Spike at 93.00
Anomaly Detected - Day 6, Hour 20: Humidity Spike at 93.00
Anomaly Detected - Day 6, Hour 21: Humidity Spike at 94.00
Anomaly Detected - Day 6, Hour 22: Humidity Spike at 94.00
Anomaly Detected - Day 6, Hour 23: Humidity Spike at 94.00
Anomaly Detected - Day 6, Hour 24: Humidity Spike at 94.00
Anomaly Detected - Day 7, Hour 1: Humidity Spike at 94.00
Anomaly Detected - Day 7, Hour 2: Humidity Spike at 93.00
Anomaly Detected - Day 7, Hour 3: Humidity Spike at 91.00
Wind Speed Anomlies:
Precipitation Anomlies:
Anomaly Detected - Day 2, Hour 22: Precipitation Spike at 90.00

Anomlies detected from 2024-01-13T00:00 to 2024-01-19T23:00:

Humidity Anomlies:
Anomaly Detected - Day 3, Hour 14: Humidity Spike at 91.00
Anomaly Detected - Day 3, Hour 15: Humidity Spike at 91.00
Anomaly Detected - Day 3, Hour 16: Humidity Spike at 91.00
Anomaly Detected - Day 3, Hour 17: Humidity Spike at 91.00
Anomaly Detected - Day 3, Hour 18: Humidity Spike at 92.00
Anomaly Detected - Day 3, Hour 19: Humidity Spike at 92.00
Anomaly Detected - Day 3, Hour 20: Humidity Spike at 92.00
Anomaly Detected - Day 3, Hour 21: Humidity Spike at 91.00
Anomaly Detected - Day 3, Hour 22: Humidity Spike at 91.00
Anomaly Detected - Day 3, Hour 23: Humidity Spike at 91.00
Anomaly Detected - Day 6, Hour 14: Humidity Spike at 91.00
Anomaly Detected - Day 6, Hour 15: Humidity Spike at 91.00
Anomaly Detected - Day 6, Hour 16: Humidity Spike at 92.00
Anomaly Detected - Day 6, Hour 17: Humidity Spike at 92.00
Anomaly Detected - Day 6, Hour 18: Humidity Spike at 93.00
Anomaly Detected - Day 6, Hour 19: Humidity Spike at 93.00
Anomaly Detected - Day 6, Hour 20: Humidity Spike at 93.00
Anomaly Detected - Day 6, Hour 21: Humidity Spike at 94.00
Anomaly Detected - Day 6, Hour 22: Humidity Spike at 94.00
Anomaly Detected - Day 6, Hour 23: Humidity Spike at 94.00
Anomaly Detected - Day 6, Hour 24: Humidity Spike at 94.00
Anomaly Detected - Day 7, Hour 1: Humidity Spike at 94.00
Anomaly Detected - Day 7, Hour 2: Humidity Spike at 93.00
Anomaly Detected - Day 7, Hour 3: Humidity Spike at 91.00
Wind Speed Anomlies:
Precipitation Anomlies:
Anomaly Detected - Day 2, Hour 22: Precipitation Spike at 90.00

Anomlies detected from 2024-01-13T00:00 to 2024-01-19T23:00:

Humidity Anomlies:
Anomaly Detected - Day 3, Hour 14: Humidity Spike at 91.00
Anomaly Detected - Day 3, Hour 15: Humidity Spike at 91.00
Anomaly Detected - Day 3, Hour 16: Humidity Spike at 91.00
Anomaly Detected - Day 3, Hour 17: Humidity Spike at 91.00
Anomaly Detected - Day 3, Hour 18: Humidity Spike at 92.00
Anomaly Detected - Day 3, Hour 19: Humidity Spike at 92.00
Anomaly Detected - Day 3, Hour 20: Humidity Spike at 92.00
Anomaly Detected - Day 3, Hour 21: Humidity Spike at 91.00
Anomaly Detected - Day 3, Hour 22: Humidity Spike at 91.00
Anomaly Detected - Day 3, Hour 23: Humidity Spike at 91.00
Anomaly Detected - Day 6, Hour 14: Humidity Spike at 91.00
Anomaly Detected - Day 6, Hour 15: Humidity Spike at 91.00
Anomaly Detected - Day 6, Hour 16: Humidity Spike at 92.00
Anomaly Detected - Day 6, Hour 17: Humidity Spike at 92.00
Anomaly Detected - Day 6, Hour 18: Humidity Spike at 93.00
Anomaly Detected - Day 6, Hour 19: Humidity Spike at 93.00
Anomaly Detected - Day 6, Hour 20: Humidity Spike at 93.00
Anomaly Detected - Day 6, Hour 21: Humidity Spike at 94.00
Anomaly Detected - Day 6, Hour 22: Humidity Spike at 94.00
Anomaly Detected - Day 6, Hour 23: Humidity Spike at 94.00
Anomaly Detected - Day 6, Hour 24: Humidity Spike at 94.00
Anomaly Detected - Day 7, Hour 1: Humidity Spike at 94.00
Anomaly Detected - Day 7, Hour 2: Humidity Spike at 93.00
Anomaly Detected - Day 7, Hour 3: Humidity Spike at 91.00
Wind Speed Anomlies:
Precipitation Anomlies:
Anomaly Detected - Day 2, Hour 22: Precipitation Spike at 90.00

Anomlies detected from 2024-01-13T00:00 to 2024-01-19T23:00:

Humidity Anomlies:
Anomaly Detected - Day 3, Hour 14: Humidity Spike at 91.00
Anomaly Detected - Day 3, Hour 15: Humidity Spike at 91.00
Anomaly Detected - Day 3, Hour 16: Humidity Spike at 91.00
Anomaly Detected - Day 3, Hour 17: Humidity Spike at 91.00
Anomaly Detected - Day 3, Hour 18: Humidity Spike at 92.00
Anomaly Detected - Day 3, Hour 19: Humidity Spike at 92.00
Anomaly Detected - Day 3, Hour 20: Humidity Spike at 92.00
Anomaly Detected - Day 3, Hour 21: Humidity Spike at 91.00
Anomaly Detected - Day 3, Hour 22: Humidity Spike at 91.00
Anomaly Detected - Day 3, Hour 23: Humidity Spike at 91.00
Anomaly Detected - Day 6, Hour 14: Humidity Spike at 91.00
Anomaly Detected - Day 6, Hour 15: Humidity Spike at 91.00
Anomaly Detected - Day 6, Hour 16: Humidity Spike at 92.00
Anomaly Detected - Day 6, Hour 17: Humidity Spike at 92.00
Anomaly Detected - Day 6, Hour 18: Humidity Spike at 93.00
Anomaly Detected - Day 6, Hour 19: Humidity Spike at 93.00
Anomaly Detected - Day 6, Hour 20: Humidity Spike at 93.00
Anomaly Detected - Day 6, Hour 21: Humidity Spike at 94.00
Anomaly Detected - Day 6, Hour 22: Humidity Spike at 94.00
Anomaly Detected - Day 6, Hour 23: Humidity Spike at 94.00
Anomaly Detected - Day 6, Hour 24: Humidity Spike at 94.00
Anomaly Detected - Day 7, Hour 1: Humidity Spike at 94.00
Anomaly Detected - Day 7, Hour 2: Humidity Spike at 93.00
Anomaly Detected - Day 7, Hour 3: Humidity Spike at 91.00
Wind Speed Anomlies:
Precipitation Anomlies:
Anomaly Detected - Day 2, Hour 22: Precipitation Spike at 90.00

Anomlies detected from 2024-01-13T00:00 to 2024-01-19T23:00:

Humidity Anomlies:
Anomaly Detected - Day 3, Hour 14: Humidity Spike at 91.00
Anomaly Detected - Day 3, Hour 15: Humidity Spike at 91.00
Anomaly Detected - Day 3, Hour 16: Humidity Spike at 91.00
Anomaly Detected - Day 3, Hour 17: Humidity Spike at 91.00
Anomaly Detected - Day 3, Hour 18: Humidity Spike at 92.00
Anomaly Detected - Day 3, Hour 19: Humidity Spike at 92.00
Anomaly Detected - Day 3, Hour 20: Humidity Spike at 92.00
Anomaly Detected - Day 3, Hour 21: Humidity Spike at 91.00
Anomaly Detected - Day 3, Hour 22: Humidity Spike at 91.00
Anomaly Detected - Day 3, Hour 23: Humidity Spike at 91.00
Anomaly Detected - Day 6, Hour 14: Humidity Spike at 91.00
Anomaly Detected - Day 6, Hour 15: Humidity Spike at 91.00
Anomaly Detected - Day 6, Hour 16: Humidity Spike at 92.00
Anomaly Detected - Day 6, Hour 17: Humidity Spike at 92.00
Anomaly Detected - Day 6, Hour 18: Humidity Spike at 93.00
Anomaly Detected - Day 6, Hour 19: Humidity Spike at 93.00
Anomaly Detected - Day 6, Hour 20: Humidity Spike at 93.00
Anomaly Detected - Day 6, Hour 21: Humidity Spike at 94.00
Anomaly Detected - Day 6, Hour 22: Humidity Spike at 94.00
Anomaly Detected - Day 6, Hour 23: Humidity Spike at 94.00
Anomaly Detected - Day 6, Hour 24: Humidity Spike at 94.00
Anomaly Detected - Day 7, Hour 1: Humidity Spike at 94.00
Anomaly Detected - Day 7, Hour 2: Humidity Spike at 93.00
Anomaly Detected - Day 7, Hour 3: Humidity Spike at 91.00
Wind Speed Anomlies:
Precipitation Anomlies:
Anomaly Detected - Day 2, Hour 22: Precipitation Spike at 90.00

Anomlies detected from 2024-01-13T00:00 to 2024-01-19T23:00:


Anomlies detected from 2024-01-13T00:00 to 2024-01-19T23:00:

Humidity Anomlies:
Anomaly Detected - Day 3, Hour 14: Humidity Spike at 91.00
Anomaly Detected - Day 3, Hour 15: Humidity Spike at 91.00
Anomaly Detected - Day 3, Hour 16: Humidity Spike at 91.00
Anomaly Detected - Day 3, Hour 17: Humidity Spike at 91.00
Anomaly Detected - Day 3, Hour 18: Humidity Spike at 92.00
Anomaly Detected - Day 3, Hour 19: Humidity Spike at 92.00
Anomaly Detected - Day 3, Hour 20: Humidity Spike at 92.00
Anomaly Detected - Day 3, Hour 21: Humidity Spike at 91.00
Anomaly Detected - Day 3, Hour 22: Humidity Spike at 91.00
Anomaly Detected - Day 3, Hour 23: Humidity Spike at 91.00
Anomaly Detected - Day 6, Hour 14: Humidity Spike at 91.00
Anomaly Detected - Day 6, Hour 15: Humidity Spike at 91.00
Anomaly Detected - Day 6, Hour 16: Humidity Spike at 92.00
Anomaly Detected - Day 6, Hour 17: Humidity Spike at 92.00
Anomaly Detected - Day 6, Hour 18: Humidity Spike at 93.00
Anomaly Detected - Day 6, Hour 19: Humidity Spike at 93.00
Anomaly Detected - Day 6, Hour 20: Humidity Spike at 93.00
Anomaly Detected - Day 6, Hour 21: Humidity Spike at 94.00
Anomaly Detected - Day 6, Hour 22: Humidity Spike at 94.00
Anomaly Detected - Day 6, Hour 23: Humidity Spike at 94.00
Anomaly Detected - Day 6, Hour 24: Humidity Spike at 94.00
Anomaly Detected - Day 7, Hour 1: Humidity Spike at 94.00
Anomaly Detected - Day 7, Hour 2: Humidity Spike at 93.00
Anomaly Detected - Day 7, Hour 3: Humidity Spike at 91.00
Wind Speed Anomlies:
Precipitation Anomlies:
Anomaly Detected - Day 2, Hour 22: Precipitation Spike at 90.00

Anomlies detected from 2024-01-13T00:00 to 2024-01-19T23:00:


Anomlies detected from 2024-01-13T00:00 to 2024-01-19T23:00:


Anomlies detected from 2024-01-13T00:00 to 2024-01-19T23:00:


Anomlies detected from 2024-01-13T00:00 to 2024-01-19T23:00:


Anomlies detected from 2024-01-13T00:00 to 2024-01-19T23:00:


Anomlies detected from 2024-01-13T00:00 to 2024-01-19T23:00:


Anomlies detected from 2024-01-13T00:00 to 2024-01-19T23:00:

Humidity Anomlies:
Anomaly Detected - Day 3, Hour 14: Humidity Spike at 91.00
Anomaly Detected - Day 3, Hour 15: Humidity Spike at 91.00
Anomaly Detected - Day 3, Hour 16: Humidity Spike at 91.00
Anomaly Detected - Day 3, Hour 17: Humidity Spike at 91.00
Anomaly Detected - Day 3, Hour 18: Humidity Spike at 92.00
Anomaly Detected - Day 3, Hour 19: Humidity Spike at 92.00
Anomaly Detected - Day 3, Hour 20: Humidity Spike at 92.00
Anomaly Detected - Day 3, Hour 21: Humidity Spike at 91.00
Anomaly Detected - Day 3, Hour 22: Humidity Spike at 91.00
Anomaly Detected - Day 3, Hour 23: Humidity Spike at 91.00
Anomaly Detected - Day 6, Hour 14: Humidity Spike at 91.00
Anomaly Detected - Day 6, Hour 15: Humidity Spike at 91.00
Anomaly Detected - Day 6, Hour 16: Humidity Spike at 92.00
Anomaly Detected - Day 6, Hour 17: Humidity Spike at 92.00
Anomaly Detected - Day 6, Hour 18: Humidity Spike at 93.00
Anomaly Detected - Day 6, Hour 19: Humidity Spike at 93.00
Anomaly Detected - Day 6, Hour 20: Humidity Spike at 93.00
Anomaly Detected - Day 6, Hour 21: Humidity Spike at 94.00
Anomaly Detected - Day 6, Hour 22: Humidity Spike at 94.00
Anomaly Detected - Day 6, Hour 23: Humidity Spike at 94.00
Anomaly Detected - Day 6, Hour 24: Humidity Spike at 94.00
Anomaly Detected - Day 7, Hour 1: Humidity Spike at 94.00
Anomaly Detected - Day 7, Hour 2: Humidity Spike at 93.00
Anomaly Detected - Day 7, Hour 3: Humidity Spike at 91.00
Wind Speed Anomlies:
Precipitation Anomlies:
Anomaly Detected - Day 2, Hour 22: Precipitation Spike at 90.00

Anomlies detected from 2024-01-13T00:00 to 2024-01-19T23:00:

Humidity Anomlies:
Anomaly Detected - Day 3, Hour 14: Humidity Spike at 91.00
Anomaly Detected - Day 3, Hour 15: Humidity Spike at 91.00
Anomaly Detected - Day 3, Hour 16: Humidity Spike at 91.00
Anomaly Detected - Day 3, Hour 17: Humidity Spike at 91.00
Anomaly Detected - Day 3, Hour 18: Humidity Spike at 92.00
Anomaly Detected - Day 3, Hour 19: Humidity Spike at 92.00
Anomaly Detected - Day 3, Hour 20: Humidity Spike at 92.00
Anomaly Detected - Day 3, Hour 21: Humidity Spike at 91.00
Anomaly Detected - Day 3, Hour 22: Humidity Spike at 91.00
Anomaly Detected - Day 3, Hour 23: Humidity Spike at 91.00
Anomaly Detected - Day 6, Hour 14: Humidity Spike at 91.00
Anomaly Detected - Day 6, Hour 15: Humidity Spike at 91.00
Anomaly Detected - Day 6, Hour 16: Humidity Spike at 92.00
Anomaly Detected - Day 6, Hour 17: Humidity Spike at 92.00
Anomaly Detected - Day 6, Hour 18: Humidity Spike at 93.00
Anomaly Detected - Day 6, Hour 19: Humidity Spike at 93.00
Anomaly Detected - Day 6, Hour 20: Humidity Spike at 93.00
Anomaly Detected - Day 6, Hour 21: Humidity Spike at 94.00
Anomaly Detected - Day 6, Hour 22: Humidity Spike at 94.00
Anomaly Detected - Day 6, Hour 23: Humidity Spike at 94.00
Anomaly Detected - Day 6, Hour 24: Humidity Spike at 94.00
Anomaly Detected - Day 7, Hour 1: Humidity Spike at 94.00
Anomaly Detected - Day 7, Hour 2: Humidity Spike at 93.00
Anomaly Detected - Day 7, Hour 3: Humidity Spike at 91.00
Wind Speed Anomlies:
Precipitation Anomlies:
Anomaly Detected - Day 2, Hour 22: Precipitation Spike at 90.00

Anomlies detected from 2024-01-13T00:00 to 2024-01-19T23:00:

Humidity Anomlies:
Anomaly Detected - Day 3, Hour 14: Humidity Spike at 91.00
Anomaly Detected - Day 3, Hour 15: Humidity Spike at 91.00
Anomaly Detected - Day 3, Hour 16: Humidity Spike at 91.00
Anomaly Detected - Day 3, Hour 17: Humidity Spike at 91.00
Anomaly Detected - Day 3, Hour 18: Humidity Spike at 92.00
Anomaly Detected - Day 3, Hour 19: Humidity Spike at 92.00
Anomaly Detected - Day 3, Hour 20: Humidity Spike at 92.00
Anomaly Detected - Day 3, Hour 21: Humidity Spike at 91.00
Anomaly Detected - Day 3, Hour 22: Humidity Spike at 91.00
Anomaly Detected - Day 3, Hour 23: Humidity Spike at 91.00
Anomaly Detected - Day 6, Hour 14: Humidity Spike at 91.00
Anomaly Detected - Day 6, Hour 15: Humidity Spike at 91.00
Anomaly Detected - Day 6, Hour 16: Humidity Spike at 92.00
Anomaly Detected - Day 6, Hour 17: Humidity Spike at 92.00
Anomaly Detected - Day 6, Hour 18: Humidity Spike at 93.00
Anomaly Detected - Day 6, Hour 19: Humidity Spike at 93.00
Anomaly Detected - Day 6, Hour 20: Humidity Spike at 93.00
Anomaly Detected - Day 6, Hour 21: Humidity Spike at 94.00
Anomaly Detected - Day 6, Hour 22: Humidity Spike at 94.00
Anomaly Detected - Day 6, Hour 23: Humidity Spike at 94.00
Anomaly Detected - Day 6, Hour 24: Humidity Spike at 94.00
Anomaly Detected - Day 7, Hour 1: Humidity Spike at 94.00
Anomaly Detected - Day 7, Hour 2: Humidity Spike at 93.00
Anomaly Detected - Day 7, Hour 3: Humidity Spike at 91.00
Wind Speed Anomlies:
Precipitation Anomlies:
Anomaly Detected - Day 2, Hour 22: Precipitation Spike at 90.00

Anomlies detected from 2024-01-13T00:00 to 2024-01-19T23:00:

Humidity Anomlies:
Anomaly Detected - Day 3, Hour 14: Humidity Spike at 91.00
Anomaly Detected - Day 3, Hour 15: Humidity Spike at 91.00
Anomaly Detected - Day 3, Hour 16: Humidity Spike at 91.00
Anomaly Detected - Day 3, Hour 17: Humidity Spike at 91.00
Anomaly Detected - Day 3, Hour 18: Humidity Spike at 92.00
Anomaly Detected - Day 3, Hour 19: Humidity Spike at 92.00
Anomaly Detected - Day 3, Hour 20: Humidity Spike at 92.00
Anomaly Detected - Day 3, Hour 21: Humidity Spike at 91.00
Anomaly Detected - Day 3, Hour 22: Humidity Spike at 91.00
Anomaly Detected - Day 3, Hour 23: Humidity Spike at 91.00
Anomaly Detected - Day 6, Hour 14: Humidity Spike at 91.00
Anomaly Detected - Day 6, Hour 15: Humidity Spike at 91.00
Anomaly Detected - Day 6, Hour 16: Humidity Spike at 92.00
Anomaly Detected - Day 6, Hour 17: Humidity Spike at 92.00
Anomaly Detected - Day 6, Hour 18: Humidity Spike at 93.00
Anomaly Detected - Day 6, Hour 19: Humidity Spike at 93.00
Anomaly Detected - Day 6, Hour 20: Humidity Spike at 93.00
Anomaly Detected - Day 6, Hour 21: Humidity Spike at 94.00
Anomaly Detected - Day 6, Hour 22: Humidity Spike at 94.00
Anomaly Detected - Day 6, Hour 23: Humidity Spike at 94.00
Anomaly Detected - Day 6, Hour 24: Humidity Spike at 94.00
Anomaly Detected - Day 7, Hour 1: Humidity Spike at 94.00
Anomaly Detected - Day 7, Hour 2: Humidity Spike at 93.00
Anomaly Detected - Day 7, Hour 3: Humidity Spike at 91.00
Wind Speed Anomlies:
Precipitation Anomlies:
Anomaly Detected - Day 2, Hour 22: Precipitation Spike at 90.00

Anomlies detected from 2024-01-13T00:00 to 2024-01-19T23:00:

Humidity Anomlies:
Anomaly Detected - Day 3, Hour 14: Humidity Spike at 91.00
Anomaly Detected - Day 3, Hour 15: Humidity Spike at 91.00
Anomaly Detected - Day 3, Hour 16: Humidity Spike at 91.00
Anomaly Detected - Day 3, Hour 17: Humidity Spike at 91.00
Anomaly Detected - Day 3, Hour 18: Humidity Spike at 92.00
Anomaly Detected - Day 3, Hour 19: Humidity Spike at 92.00
Anomaly Detected - Day 3, Hour 20: Humidity Spike at 92.00
Anomaly Detected - Day 3, Hour 21: Humidity Spike at 91.00
Anomaly Detected - Day 3, Hour 22: Humidity Spike at 91.00
Anomaly Detected - Day 3, Hour 23: Humidity Spike at 91.00
Anomaly Detected - Day 6, Hour 14: Humidity Spike at 91.00
Anomaly Detected - Day 6, Hour 15: Humidity Spike at 91.00
Anomaly Detected - Day 6, Hour 16: Humidity Spike at 92.00
Anomaly Detected - Day 6, Hour 17: Humidity Spike at 92.00
Anomaly Detected - Day 6, Hour 18: Humidity Spike at 93.00
Anomaly Detected - Day 6, Hour 19: Humidity Spike at 93.00
Anomaly Detected - Day 6, Hour 20: Humidity Spike at 93.00
Anomaly Detected - Day 6, Hour 21: Humidity Spike at 94.00
Anomaly Detected - Day 6, Hour 22: Humidity Spike at 94.00
Anomaly Detected - Day 6, Hour 23: Humidity Spike at 94.00
Anomaly Detected - Day 6, Hour 24: Humidity Spike at 94.00
Anomaly Detected - Day 7, Hour 1: Humidity Spike at 94.00
Anomaly Detected - Day 7, Hour 2: Humidity Spike at 93.00
Anomaly Detected - Day 7, Hour 3: Humidity Spike at 91.00
Wind Speed Anomlies:
Precipitation Anomlies:
Anomaly Detected - Day 2, Hour 22: Precipitation Spike at 90.00

Anomlies detected from 2024-01-13T00:00 to 2024-01-19T23:00:

Humidity Anomlies:
Anomaly Detected - Day 3, Hour 14: Humidity Spike at 91.00
Anomaly Detected - Day 3, Hour 15: Humidity Spike at 91.00
Anomaly Detected - Day 3, Hour 16: Humidity Spike at 91.00
Anomaly Detected - Day 3, Hour 17: Humidity Spike at 91.00
Anomaly Detected - Day 3, Hour 18: Humidity Spike at 92.00
Anomaly Detected - Day 3, Hour 19: Humidity Spike at 92.00
Anomaly Detected - Day 3, Hour 20: Humidity Spike at 92.00
Anomaly Detected - Day 3, Hour 21: Humidity Spike at 91.00
Anomaly Detected - Day 3, Hour 22: Humidity Spike at 91.00
Anomaly Detected - Day 3, Hour 23: Humidity Spike at 91.00
Anomaly Detected - Day 6, Hour 14: Humidity Spike at 91.00
Anomaly Detected - Day 6, Hour 15: Humidity Spike at 91.00
Anomaly Detected - Day 6, Hour 16: Humidity Spike at 92.00
Anomaly Detected - Day 6, Hour 17: Humidity Spike at 92.00
Anomaly Detected - Day 6, Hour 18: Humidity Spike at 93.00
Anomaly Detected - Day 6, Hour 19: Humidity Spike at 93.00
Anomaly Detected - Day 6, Hour 20: Humidity Spike at 93.00
Anomaly Detected - Day 6, Hour 21: Humidity Spike at 94.00
Anomaly Detected - Day 6, Hour 22: Humidity Spike at 94.00
Anomaly Detected - Day 6, Hour 23: Humidity Spike at 94.00
Anomaly Detected - Day 6, Hour 24: Humidity Spike at 94.00
Anomaly Detected - Day 7, Hour 1: Humidity Spike at 94.00
Anomaly Detected - Day 7, Hour 2: Humidity Spike at 93.00
Anomaly Detected - Day 7, Hour 3: Humidity Spike at 91.00
Wind Speed Anomlies:
Precipitation Anomlies:
Anomaly Detected - Day 2, Hour 22: Precipitation Spike at 90.00

Anomlies detected from 2024-01-13T00:00 to 2024-01-19T23:00:

Humidity Anomlies:
Anomaly Detected - Day 3, Hour 14: Humidity Spike at 91.00
Anomaly Detected - Day 3, Hour 15: Humidity Spike at 91.00
Anomaly Detected - Day 3, Hour 16: Humidity Spike at 91.00
Anomaly Detected - Day 3, Hour 17: Humidity Spike at 91.00
Anomaly Detected - Day 3, Hour 18: Humidity Spike at 92.00
Anomaly Detected - Day 3, Hour 19: Humidity Spike at 92.00
Anomaly Detected - Day 3, Hour 20: Humidity Spike at 92.00
Anomaly Detected - Day 3, Hour 21: Humidity Spike at 91.00
Anomaly Detected - Day 3, Hour 22: Humidity Spike at 91.00
Anomaly Detected - Day 3, Hour 23: Humidity Spike at 91.00
Anomaly Detected - Day 6, Hour 14: Humidity Spike at 91.00
Anomaly Detected - Day 6, Hour 15: Humidity Spike at 91.00
Anomaly Detected - Day 6, Hour 16: Humidity Spike at 92.00
Anomaly Detected - Day 6, Hour 17: Humidity Spike at 92.00
Anomaly Detected - Day 6, Hour 18: Humidity Spike at 93.00
Anomaly Detected - Day 6, Hour 19: Humidity Spike at 93.00
Anomaly Detected - Day 6, Hour 20: Humidity Spike at 93.00
Anomaly Detected - Day 6, Hour 21: Humidity Spike at 94.00
Anomaly Detected - Day 6, Hour 22: Humidity Spike at 94.00
Anomaly Detected - Day 6, Hour 23: Humidity Spike at 94.00
Anomaly Detected - Day 6, Hour 24: Humidity Spike at 94.00
Anomaly Detected - Day 7, Hour 1: Humidity Spike at 94.00
Anomaly Detected - Day 7, Hour 2: Humidity Spike at 93.00
Anomaly Detected - Day 7, Hour 3: Humidity Spike at 91.00
Wind Speed Anomlies:
Precipitation Anomlies:
Anomaly Detected - Day 2, Hour 22: Precipitation Spike at 90.00

Anomlies detected from 2024-01-13T00:00 to 2024-01-19T23:00:

Humidity Anomlies:
Anomaly Detected - Day 3, Hour 14: Humidity Spike at 91.00
Anomaly Detected - Day 3, Hour 15: Humidity Spike at 91.00
Anomaly Detected - Day 3, Hour 16: Humidity Spike at 91.00
Anomaly Detected - Day 3, Hour 17: Humidity Spike at 91.00
Anomaly Detected - Day 3, Hour 18: Humidity Spike at 92.00
Anomaly Detected - Day 3, Hour 19: Humidity Spike at 92.00
Anomaly Detected - Day 3, Hour 20: Humidity Spike at 92.00
Anomaly Detected - Day 3, Hour 21: Humidity Spike at 91.00
Anomaly Detected - Day 3, Hour 22: Humidity Spike at 91.00
Anomaly Detected - Day 3, Hour 23: Humidity Spike at 91.00
Anomaly Detected - Day 6, Hour 14: Humidity Spike at 91.00
Anomaly Detected - Day 6, Hour 15: Humidity Spike at 91.00
Anomaly Detected - Day 6, Hour 16: Humidity Spike at 92.00
Anomaly Detected - Day 6, Hour 17: Humidity Spike at 92.00
Anomaly Detected - Day 6, Hour 18: Humidity Spike at 93.00
Anomaly Detected - Day 6, Hour 19: Humidity Spike at 93.00
Anomaly Detected - Day 6, Hour 20: Humidity Spike at 93.00
Anomaly Detected - Day 6, Hour 21: Humidity Spike at 94.00
Anomaly Detected - Day 6, Hour 22: Humidity Spike at 94.00
Anomaly Detected - Day 6, Hour 23: Humidity Spike at 94.00
Anomaly Detected - Day 6, Hour 24: Humidity Spike at 94.00
Anomaly Detected - Day 7, Hour 1: Humidity Spike at 94.00
Anomaly Detected - Day 7, Hour 2: Humidity Spike at 93.00
Anomaly Detected - Day 7, Hour 3: Humidity Spike at 91.00
Wind Speed Anomlies:
Precipitation Anomlies:
Anomaly Detected - Day 2, Hour 22: Precipitation Spike at 90.00

Anomlies detected from 2024-01-13T00:00 to 2024-01-19T23:00:

Humidity Anomlies:
Anomaly Detected - Day 3, Hour 14: Humidity Spike at 91.00
Anomaly Detected - Day 3, Hour 15: Humidity Spike at 91.00
Anomaly Detected - Day 3, Hour 16: Humidity Spike at 91.00
Anomaly Detected - Day 3, Hour 17: Humidity Spike at 91.00
Anomaly Detected - Day 3, Hour 18: Humidity Spike at 92.00
Anomaly Detected - Day 3, Hour 19: Humidity Spike at 92.00
Anomaly Detected - Day 3, Hour 20: Humidity Spike at 92.00
Anomaly Detected - Day 3, Hour 21: Humidity Spike at 91.00
Anomaly Detected - Day 3, Hour 22: Humidity Spike at 91.00
Anomaly Detected - Day 3, Hour 23: Humidity Spike at 91.00
Anomaly Detected - Day 6, Hour 14: Humidity Spike at 91.00
Anomaly Detected - Day 6, Hour 15: Humidity Spike at 91.00
Anomaly Detected - Day 6, Hour 16: Humidity Spike at 92.00
Anomaly Detected - Day 6, Hour 17: Humidity Spike at 92.00
Anomaly Detected - Day 6, Hour 18: Humidity Spike at 93.00
Anomaly Detected - Day 6, Hour 19: Humidity Spike at 93.00
Anomaly Detected - Day 6, Hour 20: Humidity Spike at 93.00
Anomaly Detected - Day 6, Hour 21: Humidity Spike at 94.00
Anomaly Detected - Day 6, Hour 22: Humidity Spike at 94.00
Anomaly Detected - Day 6, Hour 23: Humidity Spike at 94.00
Anomaly Detected - Day 6, Hour 24: Humidity Spike at 94.00
Anomaly Detected - Day 7, Hour 1: Humidity Spike at 94.00
Anomaly Detected - Day 7, Hour 2: Humidity Spike at 93.00
Anomaly Detected - Day 7, Hour 3: Humidity Spike at 91.00
Wind Speed Anomlies:
Precipitation Anomlies:
Anomaly Detected - Day 2, Hour 22: Precipitation Spike at 90.00

Anomlies detected from 2024-01-13T00:00 to 2024-01-19T23:00:

Humidity Anomlies:
Anomaly Detected - Day 3, Hour 14: Humidity Spike at 91.00
Anomaly Detected - Day 3, Hour 15: Humidity Spike at 91.00
Anomaly Detected - Day 3, Hour 16: Humidity Spike at 91.00
Anomaly Detected - Day 3, Hour 17: Humidity Spike at 91.00
Anomaly Detected - Day 3, Hour 18: Humidity Spike at 92.00
Anomaly Detected - Day 3, Hour 19: Humidity Spike at 92.00
Anomaly Detected - Day 3, Hour 20: Humidity Spike at 92.00
Anomaly Detected - Day 3, Hour 21: Humidity Spike at 91.00
Anomaly Detected - Day 3, Hour 22: Humidity Spike at 91.00
Anomaly Detected - Day 3, Hour 23: Humidity Spike at 91.00
Anomaly Detected - Day 6, Hour 14: Humidity Spike at 91.00
Anomaly Detected - Day 6, Hour 15: Humidity Spike at 91.00
Anomaly Detected - Day 6, Hour 16: Humidity Spike at 92.00
Anomaly Detected - Day 6, Hour 17: Humidity Spike at 92.00
Anomaly Detected - Day 6, Hour 18: Humidity Spike at 93.00
Anomaly Detected - Day 6, Hour 19: Humidity Spike at 93.00
Anomaly Detected - Day 6, Hour 20: Humidity Spike at 93.00
Anomaly Detected - Day 6, Hour 21: Humidity Spike at 94.00
Anomaly Detected - Day 6, Hour 22: Humidity Spike at 94.00
Anomaly Detected - Day 6, Hour 23: Humidity Spike at 94.00
Anomaly Detected - Day 6, Hour 24: Humidity Spike at 94.00
Anomaly Detected - Day 7, Hour 1: Humidity Spike at 94.00
Anomaly Detected - Day 7, Hour 2: Humidity Spike at 93.00
Anomaly Detected - Day 7, Hour 3: Humidity Spike at 91.00
Wind Speed Anomlies:
Precipitation Anomlies:
Anomaly Detected - Day 2, Hour 22: Precipitation Spike at 90.00

Anomlies detected from 2024-01-13T00:00 to 2024-01-19T23:00:

Humidity Anomlies:
Anomaly Detected - Day 3, Hour 14: Humidity Spike at 91.00
Anomaly Detected - Day 3, Hour 15: Humidity Spike at 91.00
Anomaly Detected - Day 3, Hour 16: Humidity Spike at 91.00
Anomaly Detected - Day 3, Hour 17: Humidity Spike at 91.00
Anomaly Detected - Day 3, Hour 18: Humidity Spike at 92.00
Anomaly Detected - Day 3, Hour 19: Humidity Spike at 92.00
Anomaly Detected - Day 3, Hour 20: Humidity Spike at 92.00
Anomaly Detected - Day 3, Hour 21: Humidity Spike at 91.00
Anomaly Detected - Day 3, Hour 22: Humidity Spike at 91.00
Anomaly Detected - Day 3, Hour 23: Humidity Spike at 91.00
Anomaly Detected - Day 6, Hour 14: Humidity Spike at 91.00
Anomaly Detected - Day 6, Hour 15: Humidity Spike at 91.00
Anomaly Detected - Day 6, Hour 16: Humidity Spike at 92.00
Anomaly Detected - Day 6, Hour 17: Humidity Spike at 92.00
Anomaly Detected - Day 6, Hour 18: Humidity Spike at 93.00
Anomaly Detected - Day 6, Hour 19: Humidity Spike at 93.00
Anomaly Detected - Day 6, Hour 20: Humidity Spike at 93.00
Anomaly Detected - Day 6, Hour 21: Humidity Spike at 94.00
Anomaly Detected - Day 6, Hour 22: Humidity Spike at 94.00
Anomaly Detected - Day 6, Hour 23: Humidity Spike at 94.00
Anomaly Detected - Day 6, Hour 24: Humidity Spike at 94.00
Anomaly Detected - Day 7, Hour 1: Humidity Spike at 94.00
Anomaly Detected - Day 7, Hour 2: Humidity Spike at 93.00
Anomaly Detected - Day 7, Hour 3: Humidity Spike at 91.00
Wind Speed Anomlies:
Precipitation Anomlies:
Anomaly Detected - Day 2, Hour 22: Precipitation Spike at 90.00

Anomlies detected from 2024-01-13T00:00 to 2024-01-19T23:00:

Humidity Anomlies:
Anomaly Detected - Day 3, Hour 14: Humidity Spike at 91.00
Anomaly Detected - Day 3, Hour 15: Humidity Spike at 91.00
Anomaly Detected - Day 3, Hour 16: Humidity Spike at 91.00
Anomaly Detected - Day 3, Hour 17: Humidity Spike at 91.00
Anomaly Detected - Day 3, Hour 18: Humidity Spike at 92.00
Anomaly Detected - Day 3, Hour 19: Humidity Spike at 92.00
Anomaly Detected - Day 3, Hour 20: Humidity Spike at 92.00
Anomaly Detected - Day 3, Hour 21: Humidity Spike at 91.00
Anomaly Detected - Day 3, Hour 22: Humidity Spike at 91.00
Anomaly Detected - Day 3, Hour 23: Humidity Spike at 91.00
Anomaly Detected - Day 6, Hour 14: Humidity Spike at 91.00
Anomaly Detected - Day 6, Hour 15: Humidity Spike at 91.00
Anomaly Detected - Day 6, Hour 16: Humidity Spike at 92.00
Anomaly Detected - Day 6, Hour 17: Humidity Spike at 92.00
Anomaly Detected - Day 6, Hour 18: Humidity Spike at 93.00
Anomaly Detected - Day 6, Hour 19: Humidity Spike at 93.00
Anomaly Detected - Day 6, Hour 20: Humidity Spike at 93.00
Anomaly Detected - Day 6, Hour 21: Humidity Spike at 94.00
Anomaly Detected - Day 6, Hour 22: Humidity Spike at 94.00
Anomaly Detected - Day 6, Hour 23: Humidity Spike at 94.00
Anomaly Detected - Day 6, Hour 24: Humidity Spike at 94.00
Anomaly Detected - Day 7, Hour 1: Humidity Spike at 94.00
Anomaly Detected - Day 7, Hour 2: Humidity Spike at 93.00
Anomaly Detected - Day 7, Hour 3: Humidity Spike at 91.00
Wind Speed Anomlies:
Precipitation Anomlies:
Anomaly Detected - Day 2, Hour 22: Precipitation Spike at 90.00

Anomlies detected from 2024-01-13T00:00 to 2024-01-19T23:00:

Humidity Anomlies:
Anomaly Detected - Day 3, Hour 14: Humidity Spike at 91.00
Anomaly Detected - Day 3, Hour 15: Humidity Spike at 91.00
Anomaly Detected - Day 3, Hour 16: Humidity Spike at 91.00
Anomaly Detected - Day 3, Hour 17: Humidity Spike at 91.00
Anomaly Detected - Day 3, Hour 18: Humidity Spike at 92.00
Anomaly Detected - Day 3, Hour 19: Humidity Spike at 92.00
Anomaly Detected - Day 3, Hour 20: Humidity Spike at 92.00
Anomaly Detected - Day 3, Hour 21: Humidity Spike at 91.00
Anomaly Detected - Day 3, Hour 22: Humidity Spike at 91.00
Anomaly Detected - Day 3, Hour 23: Humidity Spike at 91.00
Anomaly Detected - Day 6, Hour 14: Humidity Spike at 91.00
Anomaly Detected - Day 6, Hour 15: Humidity Spike at 91.00
Anomaly Detected - Day 6, Hour 16: Humidity Spike at 92.00
Anomaly Detected - Day 6, Hour 17: Humidity Spike at 92.00
Anomaly Detected - Day 6, Hour 18: Humidity Spike at 93.00
Anomaly Detected - Day 6, Hour 19: Humidity Spike at 93.00
Anomaly Detected - Day 6, Hour 20: Humidity Spike at 93.00
Anomaly Detected - Day 6, Hour 21: Humidity Spike at 94.00
Anomaly Detected - Day 6, Hour 22: Humidity Spike at 94.00
Anomaly Detected - Day 6, Hour 23: Humidity Spike at 94.00
Anomaly Detected - Day 6, Hour 24: Humidity Spike at 94.00
Anomaly Detected - Day 7, Hour 1: Humidity Spike at 94.00
Anomaly Detected - Day 7, Hour 2: Humidity Spike at 93.00
Anomaly Detected - Day 7, Hour 3: Humidity Spike at 91.00
Wind Speed Anomlies:
Precipitation Anomlies:
Anomaly Detected - Day 2, Hour 22: Precipitation Spike at 90.00

Anomlies detected from 2024-01-13T00:00 to 2024-01-19T23:00:

Humidity Anomlies:
Anomaly Detected - Day 3, Hour 14: Humidity Spike at 91.00
Anomaly Detected - Day 3, Hour 15: Humidity Spike at 91.00
Anomaly Detected - Day 3, Hour 16: Humidity Spike at 91.00
Anomaly Detected - Day 3, Hour 17: Humidity Spike at 91.00
Anomaly Detected - Day 3, Hour 18: Humidity Spike at 92.00
Anomaly Detected - Day 3, Hour 19: Humidity Spike at 92.00
Anomaly Detected - Day 3, Hour 20: Humidity Spike at 92.00
Anomaly Detected - Day 3, Hour 21: Humidity Spike at 91.00
Anomaly Detected - Day 3, Hour 22: Humidity Spike at 91.00
Anomaly Detected - Day 3, Hour 23: Humidity Spike at 91.00
Anomaly Detected - Day 6, Hour 14: Humidity Spike at 91.00
Anomaly Detected - Day 6, Hour 15: Humidity Spike at 91.00
Anomaly Detected - Day 6, Hour 16: Humidity Spike at 92.00
Anomaly Detected - Day 6, Hour 17: Humidity Spike at 92.00
Anomaly Detected - Day 6, Hour 18: Humidity Spike at 93.00
Anomaly Detected - Day 6, Hour 19: Humidity Spike at 93.00
Anomaly Detected - Day 6, Hour 20: Humidity Spike at 93.00
Anomaly Detected - Day 6, Hour 21: Humidity Spike at 94.00
Anomaly Detected - Day 6, Hour 22: Humidity Spike at 94.00
Anomaly Detected - Day 6, Hour 23: Humidity Spike at 94.00
Anomaly Detected - Day 6, Hour 24: Humidity Spike at 94.00
Anomaly Detected - Day 7, Hour 1: Humidity Spike at 94.00
Anomaly Detected - Day 7, Hour 2: Humidity Spike at 93.00
Anomaly Detected - Day 7, Hour 3: Humidity Spike at 91.00
Wind Speed Anomlies:
Precipitation Anomlies:
Anomaly Detected - Day 2, Hour 22: Precipitation Spike at 90.00

Anomlies detected from 2024-01-13T00:00 to 2024-01-19T23:00:

Humidity Anomlies:
Anomaly Detected - Day 3, Hour 14: Humidity Spike at 91.00
Anomaly Detected - Day 3, Hour 15: Humidity Spike at 91.00
Anomaly Detected - Day 3, Hour 16: Humidity Spike at 91.00
Anomaly Detected - Day 3, Hour 17: Humidity Spike at 91.00
Anomaly Detected - Day 3, Hour 18: Humidity Spike at 92.00
Anomaly Detected - Day 3, Hour 19: Humidity Spike at 92.00
Anomaly Detected - Day 3, Hour 20: Humidity Spike at 92.00
Anomaly Detected - Day 3, Hour 21: Humidity Spike at 91.00
Anomaly Detected - Day 3, Hour 22: Humidity Spike at 91.00
Anomaly Detected - Day 3, Hour 23: Humidity Spike at 91.00
Anomaly Detected - Day 6, Hour 14: Humidity Spike at 91.00
Anomaly Detected - Day 6, Hour 15: Humidity Spike at 91.00
Anomaly Detected - Day 6, Hour 16: Humidity Spike at 92.00
Anomaly Detected - Day 6, Hour 17: Humidity Spike at 92.00
Anomaly Detected - Day 6, Hour 18: Humidity Spike at 93.00
Anomaly Detected - Day 6, Hour 19: Humidity Spike at 93.00
Anomaly Detected - Day 6, Hour 20: Humidity Spike at 93.00
Anomaly Detected - Day 6, Hour 21: Humidity Spike at 94.00
Anomaly Detected - Day 6, Hour 22: Humidity Spike at 94.00
Anomaly Detected - Day 6, Hour 23: Humidity Spike at 94.00
Anomaly Detected - Day 6, Hour 24: Humidity Spike at 94.00
Anomaly Detected - Day 7, Hour 1: Humidity Spike at 94.00
Anomaly Detected - Day 7, Hour 2: Humidity Spike at 93.00
Anomaly Detected - Day 7, Hour 3: Humidity Spike at 91.00
Wind Speed Anomlies:
Precipitation Anomlies:
Anomaly Detected - Day 2, Hour 22: Precipitation Spike at 90.00

Anomlies detected from 2024-01-13T00:00 to 2024-01-19T23:00:

Humidity Anomlies:
Anomaly Detected - Day 3, Hour 14: Humidity Spike at 91.00
Anomaly Detected - Day 3, Hour 15: Humidity Spike at 91.00
Anomaly Detected - Day 3, Hour 16: Humidity Spike at 91.00
Anomaly Detected - Day 3, Hour 17: Humidity Spike at 91.00
Anomaly Detected - Day 3, Hour 18: Humidity Spike at 92.00
Anomaly Detected - Day 3, Hour 19: Humidity Spike at 92.00
Anomaly Detected - Day 3, Hour 20: Humidity Spike at 92.00
Anomaly Detected - Day 3, Hour 21: Humidity Spike at 91.00
Anomaly Detected - Day 3, Hour 22: Humidity Spike at 91.00
Anomaly Detected - Day 3, Hour 23: Humidity Spike at 91.00
Anomaly Detected - Day 6, Hour 14: Humidity Spike at 91.00
Anomaly Detected - Day 6, Hour 15: Humidity Spike at 91.00
Anomaly Detected - Day 6, Hour 16: Humidity Spike at 92.00
Anomaly Detected - Day 6, Hour 17: Humidity Spike at 92.00
Anomaly Detected - Day 6, Hour 18: Humidity Spike at 93.00
Anomaly Detected - Day 6, Hour 19: Humidity Spike at 93.00
Anomaly Detected - Day 6, Hour 20: Humidity Spike at 93.00
Anomaly Detected - Day 6, Hour 21: Humidity Spike at 94.00
Anomaly Detected - Day 6, Hour 22: Humidity Spike at 94.00
Anomaly Detected - Day 6, Hour 23: Humidity Spike at 94.00
Anomaly Detected - Day 6, Hour 24: Humidity Spike at 94.00
Anomaly Detected - Day 7, Hour 1: Humidity Spike at 94.00
Anomaly Detected - Day 7, Hour 2: Humidity Spike at 93.00
Anomaly Detected - Day 7, Hour 3: Humidity Spike at 91.00
Wind Speed Anomlies:
Precipitation Anomlies:
Anomaly Detected - Day 2, Hour 22: Precipitation Spike at 90.00

Anomlies detected from 2024-01-13T00:00 to 2024-01-19T23:00:

Humidity Anomlies:
Anomaly Detected - Day 3, Hour 14: Humidity Spike at 91.00
Anomaly Detected - Day 3, Hour 15: Humidity Spike at 91.00
Anomaly Detected - Day 3, Hour 16: Humidity Spike at 91.00
Anomaly Detected - Day 3, Hour 17: Humidity Spike at 91.00
Anomaly Detected - Day 3, Hour 18: Humidity Spike at 92.00
Anomaly Detected - Day 3, Hour 19: Humidity Spike at 92.00
Anomaly Detected - Day 3, Hour 20: Humidity Spike at 92.00
Anomaly Detected - Day 3, Hour 21: Humidity Spike at 91.00
Anomaly Detected - Day 3, Hour 22: Humidity Spike at 91.00
Anomaly Detected - Day 3, Hour 23: Humidity Spike at 91.00
Anomaly Detected - Day 6, Hour 14: Humidity Spike at 91.00
Anomaly Detected - Day 6, Hour 15: Humidity Spike at 91.00
Anomaly Detected - Day 6, Hour 16: Humidity Spike at 92.00
Anomaly Detected - Day 6, Hour 17: Humidity Spike at 92.00
Anomaly Detected - Day 6, Hour 18: Humidity Spike at 93.00
Anomaly Detected - Day 6, Hour 19: Humidity Spike at 93.00
Anomaly Detected - Day 6, Hour 20: Humidity Spike at 93.00
Anomaly Detected - Day 6, Hour 21: Humidity Spike at 94.00
Anomaly Detected - Day 6, Hour 22: Humidity Spike at 94.00
Anomaly Detected - Day 6, Hour 23: Humidity Spike at 94.00
Anomaly Detected - Day 6, Hour 24: Humidity Spike at 94.00
Anomaly Detected - Day 7, Hour 1: Humidity Spike at 94.00
Anomaly Detected - Day 7, Hour 2: Humidity Spike at 93.00
Anomaly Detected - Day 7, Hour 3: Humidity Spike at 91.00
Wind Speed Anomlies:
Precipitation Anomlies:
Anomaly Detected - Day 2, Hour 22: Precipitation Spike at 90.00

Anomlies detected from 2024-01-13T00:00 to 2024-01-19T23:00:

Humidity Anomlies:
Anomaly Detected - Day 3, Hour 14: Humidity Spike at 91.00
Anomaly Detected - Day 3, Hour 15: Humidity Spike at 91.00
Anomaly Detected - Day 3, Hour 16: Humidity Spike at 91.00
Anomaly Detected - Day 3, Hour 17: Humidity Spike at 91.00
Anomaly Detected - Day 3, Hour 18: Humidity Spike at 92.00
Anomaly Detected - Day 3, Hour 19: Humidity Spike at 92.00
Anomaly Detected - Day 3, Hour 20: Humidity Spike at 92.00
Anomaly Detected - Day 3, Hour 21: Humidity Spike at 91.00
Anomaly Detected - Day 3, Hour 22: Humidity Spike at 91.00
Anomaly Detected - Day 3, Hour 23: Humidity Spike at 91.00
Anomaly Detected - Day 6, Hour 14: Humidity Spike at 91.00
Anomaly Detected - Day 6, Hour 15: Humidity Spike at 91.00
Anomaly Detected - Day 6, Hour 16: Humidity Spike at 92.00
Anomaly Detected - Day 6, Hour 17: Humidity Spike at 92.00
Anomaly Detected - Day 6, Hour 18: Humidity Spike at 93.00
Anomaly Detected - Day 6, Hour 19: Humidity Spike at 93.00
Anomaly Detected - Day 6, Hour 20: Humidity Spike at 93.00
Anomaly Detected - Day 6, Hour 21: Humidity Spike at 94.00
Anomaly Detected - Day 6, Hour 22: Humidity Spike at 94.00
Anomaly Detected - Day 6, Hour 23: Humidity Spike at 94.00
Anomaly Detected - Day 6, Hour 24: Humidity Spike at 94.00
Anomaly Detected - Day 7, Hour 1: Humidity Spike at 94.00
Anomaly Detected - Day 7, Hour 2: Humidity Spike at 93.00
Anomaly Detected - Day 7, Hour 3: Humidity Spike at 91.00
Wind Speed Anomlies:
Precipitation Anomlies:
Anomaly Detected - Day 2, Hour 22: Precipitation Spike at 90.00
